<?xml version="1.0" encoding="UTF-8"?>
<testng-results ignored="0" total="3" passed="3" failed="0" skipped="0">
  <reporter-output>
  </reporter-output>
  <suite started-at="2026-03-01T13:37:16 IST" name="GridSuite" finished-at="2026-03-01T13:37:57 IST" duration-ms="40528">
    <groups>
    </groups>
    <test started-at="2026-03-01T13:37:16 IST" name="ChromeTest" finished-at="2026-03-01T13:37:45 IST" duration-ms="29240">
      <class name="com.grid.demo.E2EGridTest">
        <test-method is-config="true" signature="setup(java.lang.String)[pri:0, instance:com.grid.demo.E2EGridTest@70cf32e3]" started-at="2026-03-01T13:37:16 IST" name="setup" finished-at="2026-03-01T13:37:24 IST" duration-ms="8107" status="PASS">
          <params>
            <param index="0">
              <value>
                <![CDATA[chrome]]>
              </value>
            </param>
          </params>
          <reporter-output>
          </reporter-output>
        </test-method> <!-- setup -->
        <test-method signature="addProductToCartTest()[pri:0, instance:com.grid.demo.E2EGridTest@70cf32e3]" started-at="2026-03-01T13:37:25 IST" name="addProductToCartTest" finished-at="2026-03-01T13:37:39 IST" duration-ms="14037" status="PASS">
          <reporter-output>
          </reporter-output>
        </test-method> <!-- addProductToCartTest -->
        <test-method is-config="true" signature="tearDown()[pri:0, instance:com.grid.demo.E2EGridTest@70cf32e3]" started-at="2026-03-01T13:37:39 IST" name="tearDown" finished-at="2026-03-01T13:37:45 IST" duration-ms="6192" status="PASS">
          <reporter-output>
          </reporter-output>
        </test-method> <!-- tearDown -->
      </class> <!-- com.grid.demo.E2EGridTest -->
    </test> <!-- ChromeTest -->
    <test started-at="2026-03-01T13:37:16 IST" name="EdgeTest" finished-at="2026-03-01T13:37:46 IST" duration-ms="29869">
      <class name="com.grid.demo.E2EGridTest">
        <test-method is-config="true" signature="setup(java.lang.String)[pri:0, instance:com.grid.demo.E2EGridTest@7dfd3c81]" started-at="2026-03-01T13:37:16 IST" name="setup" finished-at="2026-03-01T13:37:28 IST" duration-ms="11484" status="PASS">
          <params>
            <param index="0">
              <value>
                <![CDATA[edge]]>
              </value>
            </param>
          </params>
          <reporter-output>
          </reporter-output>
        </test-method> <!-- setup -->
        <test-method signature="addProductToCartTest()[pri:0, instance:com.grid.demo.E2EGridTest@7dfd3c81]" started-at="2026-03-01T13:37:28 IST" name="addProductToCartTest" finished-at="2026-03-01T13:37:43 IST" duration-ms="14928" status="PASS">
          <reporter-output>
          </reporter-output>
        </test-method> <!-- addProductToCartTest -->
        <test-method is-config="true" signature="tearDown()[pri:0, instance:com.grid.demo.E2EGridTest@7dfd3c81]" started-at="2026-03-01T13:37:43 IST" name="tearDown" finished-at="2026-03-01T13:37:46 IST" duration-ms="3325" status="PASS">
          <reporter-output>
          </reporter-output>
        </test-method> <!-- tearDown -->
      </class> <!-- com.grid.demo.E2EGridTest -->
    </test> <!-- EdgeTest -->
    <test started-at="2026-03-01T13:37:16 IST" name="FirefoxTest" finished-at="2026-03-01T13:37:57 IST" duration-ms="40518">
      <class name="com.grid.demo.E2EGridTest">
        <test-method is-config="true" signature="setup(java.lang.String)[pri:0, instance:com.grid.demo.E2EGridTest@4dc27487]" started-at="2026-03-01T13:37:16 IST" name="setup" finished-at="2026-03-01T13:37:43 IST" duration-ms="26711" status="PASS">
          <params>
            <param index="0">
              <value>
                <![CDATA[firefox]]>
              </value>
            </param>
          </params>
          <reporter-output>
          </reporter-output>
        </test-method> <!-- setup -->
        <test-method signature="addProductToCartTest()[pri:0, instance:com.grid.demo.E2EGridTest@4dc27487]" started-at="2026-03-01T13:37:43 IST" name="addProductToCartTest" finished-at="2026-03-01T13:37:51 IST" duration-ms="7862" status="PASS">
          <reporter-output>
          </reporter-output>
        </test-method> <!-- addProductToCartTest -->
        <test-method is-config="true" signature="tearDown()[pri:0, instance:com.grid.demo.E2EGridTest@4dc27487]" started-at="2026-03-01T13:37:51 IST" name="tearDown" finished-at="2026-03-01T13:37:57 IST" duration-ms="5827" status="PASS">
          <reporter-output>
          </reporter-output>
        </test-method> <!-- tearDown -->
      </class> <!-- com.grid.demo.E2EGridTest -->
    </test> <!-- FirefoxTest -->
  </suite> <!-- GridSuite -->
</testng-results>
