<?xml version="1.0" encoding="UTF-8"?>
<!-- Generated by org.testng.reporters.JUnitReportReporter -->
<testsuite hostname="DESKTOP-0FT0LT8" failures="0" tests="3" name="com.grid.demo.E2EGridTest" time="98.473" errors="0" timestamp="2026-03-01T13:37:57 IST" skipped="0">
  <testcase classname="com.grid.demo.E2EGridTest" name="addProductToCartTest" time="29.737"/>
  <testcase classname="com.grid.demo.E2EGridTest" name="addProductToCartTest" time="40.400"/>
  <testcase classname="com.grid.demo.E2EGridTest" name="addProductToCartTest" time="28.336"/>
</testsuite> <!-- com.grid.demo.E2EGridTest -->
